{"name":"hall","hostname":"suterminal","pid":26600,"level":30,"msg":"hall start...","time":"2018-04-23T03:51:44.470Z","src":{"file":"/home/sujiahong/workspace/ada-server/home-server/app.js","line":21},"v":0}
{"name":"hall","hostname":"suterminal","pid":26600,"level":50,"msg":"test error hall start","time":"2018-04-23T03:51:44.471Z","src":{"file":"/home/sujiahong/workspace/ada-server/home-server/app.js","line":22},"v":0}
{"name":"hall","hostname":"suterminal","pid":26600,"level":30,"msg":"frontend service is listening on port 9001","time":"2018-04-23T03:51:44.476Z","src":{"file":"/home/sujiahong/workspace/ada-server/home-server/frontendService.js","line":521,"func":"exports.start"},"v":0}
{"name":"hall","hostname":"suterminal","pid":26600,"level":30,"msg":"room service is listening on 127.0.0.1:9002","time":"2018-04-23T03:51:44.476Z","src":{"file":"/home/sujiahong/workspace/ada-server/home-server/backendService.js","line":102,"func":"exports.start"},"v":0}
{"name":"hall","hostname":"suterminal","pid":26774,"level":30,"msg":"hall start...","time":"2018-04-23T03:53:54.402Z","src":{"file":"/home/sujiahong/workspace/ada-server/home-server/app.js","line":21},"v":0}
{"name":"hall","hostname":"suterminal","pid":26774,"level":50,"msg":"test error hall start","time":"2018-04-23T03:53:54.403Z","src":{"file":"/home/sujiahong/workspace/ada-server/home-server/app.js","line":22},"v":0}
{"name":"hall","hostname":"suterminal","pid":26774,"level":30,"msg":"frontend service is listening on port 9001","time":"2018-04-23T03:53:54.407Z","src":{"file":"/home/sujiahong/workspace/ada-server/home-server/frontendService.js","line":521,"func":"exports.start"},"v":0}
{"name":"hall","hostname":"suterminal","pid":26774,"level":30,"msg":"room service is listening on 127.0.0.1:9002","time":"2018-04-23T03:53:54.408Z","src":{"file":"/home/sujiahong/workspace/ada-server/home-server/backendService.js","line":102,"func":"exports.start"},"v":0}
{"name":"hall","hostname":"suterminal","pid":1492,"level":30,"msg":"hall start...","time":"2018-04-23T05:21:36.191Z","src":{"file":"/home/sujiahong/workspace/ada-server/home-server/app.js","line":22},"v":0}
{"name":"hall","hostname":"suterminal","pid":1492,"level":50,"msg":"test error hall start","time":"2018-04-23T05:21:36.191Z","src":{"file":"/home/sujiahong/workspace/ada-server/home-server/app.js","line":23},"v":0}
{"name":"hall","hostname":"suterminal","pid":1492,"level":30,"msg":"frontend service is listening on port 9001","time":"2018-04-23T05:21:36.196Z","src":{"file":"/home/sujiahong/workspace/ada-server/home-server/frontendService.js","line":521,"func":"exports.start"},"v":0}
{"name":"hall","hostname":"suterminal","pid":3748,"level":30,"msg":"hall start...","time":"2018-04-23T05:52:33.834Z","src":{"file":"/home/sujiahong/workspace/ada-server/home-server/app.js","line":22},"v":0}
{"name":"hall","hostname":"suterminal","pid":3748,"level":50,"msg":"test error hall start","time":"2018-04-23T05:52:33.834Z","src":{"file":"/home/sujiahong/workspace/ada-server/home-server/app.js","line":23},"v":0}
{"name":"hall","hostname":"suterminal","pid":3748,"level":30,"msg":"frontend service  undefined","time":"2018-04-23T05:52:33.835Z","src":{"file":"/home/sujiahong/workspace/ada-server/home-server/frontendService.js","line":519,"func":"exports.start"},"v":0}
{"name":"hall","hostname":"suterminal","pid":3748,"level":30,"msg":"frontend service is listening on port 9001","time":"2018-04-23T05:52:33.839Z","src":{"file":"/home/sujiahong/workspace/ada-server/home-server/frontendService.js","line":521,"func":"exports.start"},"v":0}
{"name":"hall","hostname":"suterminal","pid":4165,"level":30,"msg":"hall start...","time":"2018-04-23T05:58:43.164Z","src":{"file":"/home/sujiahong/workspace/ada-server/home-server/app.js","line":22},"v":0}
{"name":"hall","hostname":"suterminal","pid":4165,"level":50,"msg":"test error hall start","time":"2018-04-23T05:58:43.165Z","src":{"file":"/home/sujiahong/workspace/ada-server/home-server/app.js","line":23},"v":0}
{"name":"hall","hostname":"suterminal","pid":4165,"level":30,"msg":"frontend service  [object Object]","time":"2018-04-23T05:58:43.165Z","src":{"file":"/home/sujiahong/workspace/ada-server/home-server/frontendService.js","line":519,"func":"exports.start"},"v":0}
{"name":"hall","hostname":"suterminal","pid":4165,"level":30,"msg":"frontend service is listening on port 9001","time":"2018-04-23T05:58:43.169Z","src":{"file":"/home/sujiahong/workspace/ada-server/home-server/frontendService.js","line":521,"func":"exports.start"},"v":0}
{"name":"hall","hostname":"suterminal","pid":4241,"level":30,"msg":"hall start...","time":"2018-04-23T05:59:28.750Z","src":{"file":"/home/sujiahong/workspace/ada-server/home-server/app.js","line":22},"v":0}
{"name":"hall","hostname":"suterminal","pid":4241,"level":50,"msg":"test error hall start","time":"2018-04-23T05:59:28.751Z","src":{"file":"/home/sujiahong/workspace/ada-server/home-server/app.js","line":23},"v":0}
{"name":"hall","hostname":"suterminal","pid":4241,"level":30,"msg":"frontend service CLEINT_PORT: 9001","time":"2018-04-23T05:59:28.751Z","src":{"file":"/home/sujiahong/workspace/ada-server/home-server/frontendService.js","line":519,"func":"exports.start"},"v":0}
{"name":"hall","hostname":"suterminal","pid":4241,"level":30,"msg":"frontend service is listening on port 9001","time":"2018-04-23T05:59:28.756Z","src":{"file":"/home/sujiahong/workspace/ada-server/home-server/frontendService.js","line":521,"func":"exports.start"},"v":0}
{"name":"hall","hostname":"suterminal","pid":4549,"level":30,"msg":"hall start...","time":"2018-04-23T06:02:39.453Z","src":{"file":"/home/sujiahong/workspace/ada-server/home-server/app.js","line":22},"v":0}
{"name":"hall","hostname":"suterminal","pid":4549,"level":50,"msg":"test error hall start","time":"2018-04-23T06:02:39.454Z","src":{"file":"/home/sujiahong/workspace/ada-server/home-server/app.js","line":23},"v":0}
{"name":"hall","hostname":"suterminal","pid":4549,"level":30,"msg":"frontend service CLEINT_PORT: 9001","time":"2018-04-23T06:02:39.454Z","src":{"file":"/home/sujiahong/workspace/ada-server/home-server/frontendService.js","line":519,"func":"exports.start"},"v":0}
{"name":"hall","hostname":"suterminal","pid":4549,"level":30,"msg":"frontend service is listening on port 9001","time":"2018-04-23T06:02:39.458Z","src":{"file":"/home/sujiahong/workspace/ada-server/home-server/frontendService.js","line":521,"func":"exports.start"},"v":0}
{"name":"hall","hostname":"suterminal","pid":4549,"level":30,"msg":"backend service is listening on 127.0.0.1:9002","time":"2018-04-23T06:02:39.459Z","src":{"file":"/home/sujiahong/workspace/ada-server/home-server/backendService.js","line":102,"func":"exports.start"},"v":0}
{"name":"hall","hostname":"suterminal","pid":4668,"level":30,"msg":"hall start...","time":"2018-04-23T06:03:51.436Z","src":{"file":"/home/sujiahong/workspace/ada-server/home-server/app.js","line":22},"v":0}
{"name":"hall","hostname":"suterminal","pid":4668,"level":50,"msg":"test error hall start","time":"2018-04-23T06:03:51.437Z","src":{"file":"/home/sujiahong/workspace/ada-server/home-server/app.js","line":23},"v":0}
{"name":"hall","hostname":"suterminal","pid":4668,"level":30,"msg":"frontend service CLEINT_PORT: 9001","time":"2018-04-23T06:03:51.438Z","src":{"file":"/home/sujiahong/workspace/ada-server/home-server/frontendService.js","line":519,"func":"exports.start"},"v":0}
{"name":"hall","hostname":"suterminal","pid":4668,"level":30,"msg":"frontend service is listening on port 9001","time":"2018-04-23T06:03:51.441Z","src":{"file":"/home/sujiahong/workspace/ada-server/home-server/frontendService.js","line":521,"func":"exports.start"},"v":0}
{"name":"hall","hostname":"suterminal","pid":4668,"level":30,"msg":"backend service is listening on 127.0.0.1:9002","time":"2018-04-23T06:03:51.442Z","src":{"file":"/home/sujiahong/workspace/ada-server/home-server/backendService.js","line":103,"func":"exports.start"},"v":0}
{"name":"hall","hostname":"suterminal","pid":4773,"level":30,"msg":"hall start...","time":"2018-04-23T06:04:59.992Z","src":{"file":"/home/sujiahong/workspace/ada-server/home-server/app.js","line":22},"v":0}
{"name":"hall","hostname":"suterminal","pid":4773,"level":50,"msg":"test error hall start","time":"2018-04-23T06:04:59.993Z","src":{"file":"/home/sujiahong/workspace/ada-server/home-server/app.js","line":23},"v":0}
{"name":"hall","hostname":"suterminal","pid":4773,"level":30,"msg":"frontend service is listening on port 9001","time":"2018-04-23T06:04:59.997Z","src":{"file":"/home/sujiahong/workspace/ada-server/home-server/frontendService.js","line":522,"func":"exports.start"},"v":0}
{"name":"hall","hostname":"suterminal","pid":4773,"level":30,"msg":"backend service is listening on 127.0.0.1:9002","time":"2018-04-23T06:04:59.998Z","src":{"file":"/home/sujiahong/workspace/ada-server/home-server/backendService.js","line":103,"func":"exports.start"},"v":0}
{"name":"hall","hostname":"suterminal","pid":4822,"level":30,"msg":"hall start...","time":"2018-04-23T06:05:25.221Z","src":{"file":"/home/sujiahong/workspace/ada-server/home-server/app.js","line":22},"v":0}
{"name":"hall","hostname":"suterminal","pid":4822,"level":50,"msg":"test error hall start","time":"2018-04-23T06:05:25.221Z","src":{"file":"/home/sujiahong/workspace/ada-server/home-server/app.js","line":23},"v":0}
{"name":"hall","hostname":"suterminal","pid":4822,"level":30,"msg":"frontend service is listening on port 9001","time":"2018-04-23T06:05:25.226Z","src":{"file":"/home/sujiahong/workspace/ada-server/home-server/frontendService.js","line":522,"func":"exports.start"},"v":0}
{"name":"hall","hostname":"suterminal","pid":4822,"level":30,"msg":"backend service is listening on 127.0.0.1:9002","time":"2018-04-23T06:05:25.227Z","src":{"file":"/home/sujiahong/workspace/ada-server/home-server/backendService.js","line":103,"func":"exports.start"},"v":0}
